[debug] [2024-07-29T20:08:26.922Z] ----------------------------------------------------------------------
[debug] [2024-07-29T20:08:26.924Z] Command:       C:\Program Files\nodejs\node.exe C:\Users\halo-\AppData\Roaming\npm\node_modules\firebase-tools\lib\bin\firebase.js deploy
[debug] [2024-07-29T20:08:26.924Z] CLI Version:   11.16.1
[debug] [2024-07-29T20:08:26.924Z] Platform:      win32
[debug] [2024-07-29T20:08:26.924Z] Node Version:  v20.15.0
[debug] [2024-07-29T20:08:26.924Z] Time:          Mon Jul 29 2024 22:08:26 GMT+0200 (hora de verano de Europa central)
[debug] [2024-07-29T20:08:26.924Z] ----------------------------------------------------------------------
[debug] 
[debug] [2024-07-29T20:08:26.927Z] >>> [apiv2][query] GET https://firebase-public.firebaseio.com/cli.json [none]
[debug] [2024-07-29T20:08:27.017Z] > command requires scopes: ["email","openid","https://www.googleapis.com/auth/cloudplatformprojects.readonly","https://www.googleapis.com/auth/firebase","https://www.googleapis.com/auth/cloud-platform"]
[debug] [2024-07-29T20:08:27.017Z] > authorizing via signed-in user (juanmah1998@gmail.com)
[debug] [2024-07-29T20:08:27.017Z] [iam] checking project coffeecard-414013 for permissions ["firebase.projects.get","firebasehosting.sites.update"]
[debug] [2024-07-29T20:08:27.018Z] > refreshing access token with scopes: []
[debug] [2024-07-29T20:08:27.019Z] >>> [apiv2][query] POST https://www.googleapis.com/oauth2/v3/token [none]
[debug] [2024-07-29T20:08:27.019Z] >>> [apiv2][body] POST https://www.googleapis.com/oauth2/v3/token [omitted]
[warn] !  Unable to fetch the CLI MOTD and remote config. 
[debug] [2024-07-29T20:08:38.981Z] Failed to fetch MOTD FirebaseError: Failed to make request to https://firebase-public.firebaseio.com/cli.json
[debug] [2024-07-29T20:08:39.041Z] [iam] error while checking permissions, command may fail: FirebaseError: Authentication Error: Your credentials are no longer valid. Please run firebase login --reauth

For CI servers and headless environments, generate a new token with firebase login:ci
[debug] [2024-07-29T20:08:39.041Z] > refreshing access token with scopes: []
[debug] [2024-07-29T20:08:39.042Z] >>> [apiv2][query] POST https://www.googleapis.com/oauth2/v3/token [none]
[debug] [2024-07-29T20:08:39.042Z] >>> [apiv2][body] POST https://www.googleapis.com/oauth2/v3/token [omitted]
[debug] [2024-07-29T20:08:39.045Z] Authentication Error: Your credentials are no longer valid. Please run firebase login --reauth

For CI servers and headless environments, generate a new token with firebase login:ci
[debug] [2024-07-29T20:08:39.049Z] FirebaseError: Authentication Error: Your credentials are no longer valid. Please run firebase login --reauth

For CI servers and headless environments, generate a new token with firebase login:ci
    at invalidCredentialError (C:\Users\halo-\AppData\Roaming\npm\node_modules\firebase-tools\lib\auth.js:144:12)
    at refreshTokens (C:\Users\halo-\AppData\Roaming\npm\node_modules\firebase-tools\lib\auth.js:508:15)
    at process.processTicksAndRejections (node:internal/process/task_queues:95:5)
    at async Client.getAccessToken (C:\Users\halo-\AppData\Roaming\npm\node_modules\firebase-tools\lib\apiv2.js:149:23)
    at async Client.addAuthHeader (C:\Users\halo-\AppData\Roaming\npm\node_modules\firebase-tools\lib\apiv2.js:140:21)
    at async Client.request (C:\Users\halo-\AppData\Roaming\npm\node_modules\firebase-tools\lib\apiv2.js:96:34)
    at async getFirebaseProject (C:\Users\halo-\AppData\Roaming\npm\node_modules\firebase-tools\lib\management\projects.js:295:21)
    at async getDefaultHostingSite (C:\Users\halo-\AppData\Roaming\npm\node_modules\firebase-tools\lib\getDefaultHostingSite.js:8:21)
    at async requireHostingSite (C:\Users\halo-\AppData\Roaming\npm\node_modules\firebase-tools\lib\requireHostingSite.js:9:18)
    at async Object.fn (C:\Users\halo-\AppData\Roaming\npm\node_modules\firebase-tools\lib\commands\deploy.js:74:9)
    at async C:\Users\halo-\AppData\Roaming\npm\node_modules\firebase-tools\lib\command.js:214:17
[error] 
[error] Error: Failed to get Firebase project coffeecard-414013. Please make sure the project exists and your account has permission to access it.
